Using pre-set license
Built from '2022.3/staging' branch; Version is '2022.3.26f1 (ec6cd8118806) revision 15494360'; Using compiler version '192829333'; Build Type 'Release'
OS: 'Windows 10  (10.0.19045) 64bit Core' Language: 'en' Physical Memory: 16300 MB
BatchMode: 1, IsHumanControllingUs: 0, StartBugReporterOnCrash: 0, Is64bit: 1, IsPro: 1

COMMAND LINE ARGUMENTS:
C:\Program Files\Unity\Hub\Editor\2022.3.26f1\Editor\Unity.exe
-adb2
-batchMode
-noUpm
-name
AssetImportWorker0
-projectPath
E:/University Work/Year 2/CMP5362 Game Studio Production A S1/Individual Game Upload/TheArcadeGame
-logFile
Logs/AssetImportWorker0.log
-srvPort
64775
Successfully changed project path to: E:/University Work/Year 2/CMP5362 Game Studio Production A S1/Individual Game Upload/TheArcadeGame
E:/University Work/Year 2/CMP5362 Game Studio Production A S1/Individual Game Upload/TheArcadeGame
[UnityMemory] Configuration Parameters - Can be set up in boot.config
    "memorysetup-bucket-allocator-granularity=16"
    "memorysetup-bucket-allocator-bucket-count=8"
    "memorysetup-bucket-allocator-block-size=33554432"
    "memorysetup-bucket-allocator-block-count=8"
    "memorysetup-main-allocator-block-size=16777216"
    "memorysetup-thread-allocator-block-size=16777216"
    "memorysetup-gfx-main-allocator-block-size=16777216"
    "memorysetup-gfx-thread-allocator-block-size=16777216"
    "memorysetup-cache-allocator-block-size=4194304"
    "memorysetup-typetree-allocator-block-size=2097152"
    "memorysetup-profiler-bucket-allocator-granularity=16"
    "memorysetup-profiler-bucket-allocator-bucket-count=8"
    "memorysetup-profiler-bucket-allocator-block-size=33554432"
    "memorysetup-profiler-bucket-allocator-block-count=8"
    "memorysetup-profiler-allocator-block-size=16777216"
    "memorysetup-profiler-editor-allocator-block-size=1048576"
    "memorysetup-temp-allocator-size-main=16777216"
    "memorysetup-job-temp-allocator-block-size=2097152"
    "memorysetup-job-temp-allocator-block-size-background=1048576"
    "memorysetup-job-temp-allocator-reduction-small-platforms=262144"
    "memorysetup-allocator-temp-initial-block-size-main=262144"
    "memorysetup-allocator-temp-initial-block-size-worker=262144"
    "memorysetup-temp-allocator-size-background-worker=32768"
    "memorysetup-temp-allocator-size-job-worker=262144"
    "memorysetup-temp-allocator-size-preload-manager=33554432"
    "memorysetup-temp-allocator-size-nav-mesh-worker=65536"
    "memorysetup-temp-allocator-size-audio-worker=65536"
    "memorysetup-temp-allocator-size-cloud-worker=32768"
    "memorysetup-temp-allocator-size-gi-baking-worker=262144"
    "memorysetup-temp-allocator-size-gfx=262144"
Player connection [6356] Host "[IP] 192.168.1.148 [Port] 0 [Flags] 2 [Guid] 2469580059 [EditorId] 2469580059 [Version] 1048832 [Id] WindowsEditor(7,DESKTOP-CDHFL6D) [Debug] 1 [PackageName] WindowsEditor [ProjectName] Editor" joined multi-casting on [225.0.0.222:54997]...

Player connection [6356] Host "[IP] 192.168.1.148 [Port] 0 [Flags] 2 [Guid] 2469580059 [EditorId] 2469580059 [Version] 1048832 [Id] WindowsEditor(7,DESKTOP-CDHFL6D) [Debug] 1 [PackageName] WindowsEditor [ProjectName] Editor" joined alternative multi-casting on [225.0.0.222:34997]...

[Physics::Module] Initialized MultithreadedJobDispatcher with 15 workers.
Refreshing native plugins compatible for Editor in 10.78 ms, found 4 plugins.
Preloading 0 native plugins for Editor in 0.00 ms.
Initialize engine version: 2022.3.26f1 (ec6cd8118806)
[Subsystems] Discovering subsystems at path C:/Program Files/Unity/Hub/Editor/2022.3.26f1/Editor/Data/Resources/UnitySubsystems
[Subsystems] Discovering subsystems at path E:/University Work/Year 2/CMP5362 Game Studio Production A S1/Individual Game Upload/TheArcadeGame/Assets
GfxDevice: creating device client; threaded=0; jobified=0
Direct3D:
    Version:  Direct3D 11.0 [level 11.1]
    Renderer: NVIDIA GeForce RTX 3070 (ID=0x2484)
    Vendor:   NVIDIA
    VRAM:     8018 MB
    Driver:   32.0.15.6636
Initialize mono
Mono path[0] = 'C:/Program Files/Unity/Hub/Editor/2022.3.26f1/Editor/Data/Managed'
Mono path[1] = 'C:/Program Files/Unity/Hub/Editor/2022.3.26f1/Editor/Data/MonoBleedingEdge/lib/mono/unityjit-win32'
Mono config path = 'C:/Program Files/Unity/Hub/Editor/2022.3.26f1/Editor/Data/MonoBleedingEdge/etc'
Using monoOptions --debugger-agent=transport=dt_socket,embedding=1,server=y,suspend=n,address=127.0.0.1:56728
Begin MonoManager ReloadAssembly
Registering precompiled unity dll's ...
Register platform support module: C:/Program Files/Unity/Hub/Editor/2022.3.26f1/Editor/Data/PlaybackEngines/WebGLSupport/UnityEditor.WebGL.Extensions.dll
Register platform support module: C:/Program Files/Unity/Hub/Editor/2022.3.26f1/Editor/Data/PlaybackEngines/WindowsStandaloneSupport/UnityEditor.WindowsStandalone.Extensions.dll
Registered in 0.010873 seconds.
- Loaded All Assemblies, in  0.333 seconds
Native extension for WindowsStandalone target not found
Native extension for WebGL target not found
Mono: successfully reloaded assembly
- Finished resetting the current domain, in  0.244 seconds
Domain Reload Profiling: 575ms
	BeginReloadAssembly (100ms)
		ExecutionOrderSort (0ms)
		DisableScriptedObjects (0ms)
		BackupInstance (0ms)
		ReleaseScriptingObjects (0ms)
		CreateAndSetChildDomain (1ms)
	RebuildCommonClasses (32ms)
	RebuildNativeTypeToScriptingClass (10ms)
	initialDomainReloadingComplete (59ms)
	LoadAllAssembliesAndSetupDomain (130ms)
		LoadAssemblies (98ms)
		RebuildTransferFunctionScriptingTraits (0ms)
		AnalyzeDomain (128ms)
			TypeCache.Refresh (127ms)
				TypeCache.ScanAssembly (115ms)
			ScanForSourceGeneratedMonoScriptInfo (0ms)
			ResolveRequiredComponents (0ms)
	FinalizeReload (244ms)
		ReleaseScriptCaches (0ms)
		RebuildScriptCaches (0ms)
		SetupLoadedEditorAssemblies (192ms)
			LogAssemblyErrors (0ms)
			InitializePlatformSupportModulesInManaged (10ms)
			SetLoadedEditorAssemblies (5ms)
			RefreshPlugins (0ms)
			BeforeProcessingInitializeOnLoad (3ms)
			ProcessInitializeOnLoadAttributes (134ms)
			ProcessInitializeOnLoadMethodAttributes (41ms)
			AfterProcessingInitializeOnLoad (0ms)
			EditorAssembliesLoaded (0ms)
		ExecutionOrderSort2 (0ms)
		AwakeInstancesAfterBackupRestoration (0ms)
========================================================================
Worker process is ready to serve import requests
Begin MonoManager ReloadAssembly
- Loaded All Assemblies, in  0.731 seconds
Refreshing native plugins compatible for Editor in 4.20 ms, found 4 plugins.
Native extension for WindowsStandalone target not found
Native extension for WebGL target not found
Package Manager log level set to [2]
[Package Manager] Server::EnsureServerProcessIsRunning -- launch failed, reason: Unity was launched with the -noUpm command-line argument
[Package Manager] UpmClient::Send -- Unable to send message (not connected to UPM process).
[Package Manager] Cannot connect to Unity Package Manager local server
Mono: successfully reloaded assembly
- Finished resetting the current domain, in  0.756 seconds
Domain Reload Profiling: 1484ms
	BeginReloadAssembly (139ms)
		ExecutionOrderSort (0ms)
		DisableScriptedObjects (5ms)
		BackupInstance (0ms)
		ReleaseScriptingObjects (0ms)
		CreateAndSetChildDomain (19ms)
	RebuildCommonClasses (39ms)
	RebuildNativeTypeToScriptingClass (17ms)
	initialDomainReloadingComplete (28ms)
	LoadAllAssembliesAndSetupDomain (504ms)
		LoadAssemblies (335ms)
		RebuildTransferFunctionScriptingTraits (0ms)
		AnalyzeDomain (252ms)
			TypeCache.Refresh (213ms)
				TypeCache.ScanAssembly (194ms)
			ScanForSourceGeneratedMonoScriptInfo (27ms)
			ResolveRequiredComponents (11ms)
	FinalizeReload (756ms)
		ReleaseScriptCaches (0ms)
		RebuildScriptCaches (0ms)
		SetupLoadedEditorAssemblies (590ms)
			LogAssemblyErrors (0ms)
			InitializePlatformSupportModulesInManaged (7ms)
			SetLoadedEditorAssemblies (5ms)
			RefreshPlugins (0ms)
			BeforeProcessingInitializeOnLoad (81ms)
			ProcessInitializeOnLoadAttributes (451ms)
			ProcessInitializeOnLoadMethodAttributes (36ms)
			AfterProcessingInitializeOnLoad (8ms)
			EditorAssembliesLoaded (0ms)
		ExecutionOrderSort2 (0ms)
		AwakeInstancesAfterBackupRestoration (5ms)
Launched and connected shader compiler UnityShaderCompiler.exe after 0.04 seconds
Refreshing native plugins compatible for Editor in 4.72 ms, found 4 plugins.
Preloading 0 native plugins for Editor in 0.00 ms.
Unloading 5345 Unused Serialized files (Serialized files now loaded: 0)
Unloading 104 unused Assets / (1.9 MB). Loaded Objects now: 5819.
Memory consumption went from 211.4 MB to 209.4 MB.
Total: 4.130500 ms (FindLiveObjects: 0.389200 ms CreateObjectMapping: 0.565800 ms MarkObjects: 2.738800 ms  DeleteObjects: 0.435700 ms)

AssetImportParameters requested are different than current active one (requested -> active):
  custom:container-demuxer-ogg: 62fdf1f143b41e24485cea50d1cbac27 -> 
  custom:video-codec-MediaFoundation-h265: e54d7ab0439102e2317fc1e4b246158d -> 
  custom:video-decoder-ogg-theora: a1e56fd34408186e4bbccfd4996cb3dc -> 
  custom:framework-win-MediaFoundation: 216162199b28c13a410421893ffa2e32 -> 
  custom:CustomObjectIndexerAttribute: 9a22284fe3817be447336de3de66b15e -> 
  custom:container-demuxer-webm: 4f35f7cbe854078d1ac9338744f61a02 -> 
  custom:container-muxer-webm: aa71ff27fc2769a1b78a27578f13a17b -> 
  custom:video-decoder-webm-vp8: 9c59270c3fd7afecdb556c50c9e8de78 -> 
  custom:SearchIndexIgnoredProperties: e643bd26f0fe6173181afceb89e7c659 -> 
  custom:AudioImporter_EditorPlatform: d09bf68614088b80899f8185d706f6e7 -> 
  custom:video-encoder-webm-vp8: eb34c28f22e8b96e1ab97ce403110664 -> 
  custom:audio-decoder-ogg-vorbis: bf7c407c2cedff20999df2af8eb42d56 -> 
  custom:audio-encoder-webm-vorbis: bf7c407c2cedff20999df2af8eb42d56 -> 
========================================================================
Received Import Request.
  Time since last request: 30377.165820 seconds.
  path: Assets/SCH_Drop_the_Beat/TextMesh Pro
  artifactKey: Guid(bcd6e6761cbcf6f4eab0fee73d1c6121) Importer(815301076,1909f56bfc062723c751e8b465ee728b)
Start importing Assets/SCH_Drop_the_Beat/TextMesh Pro using Guid(bcd6e6761cbcf6f4eab0fee73d1c6121) Importer(815301076,1909f56bfc062723c751e8b465ee728b)  -> (artifact id: '097f6c79c6210037589aaac3a62902b3') in 0.002188 seconds
Number of updated asset objects reloaded before import = 0
Number of asset objects unloaded after import = 0
========================================================================
Received Import Request.
  Time since last request: 0.000021 seconds.
  path: Assets/SCH_Drop_the_Beat
  artifactKey: Guid(aaaa39055b4de4745a1d59e049c17217) Importer(815301076,1909f56bfc062723c751e8b465ee728b)
Start importing Assets/SCH_Drop_the_Beat using Guid(aaaa39055b4de4745a1d59e049c17217) Importer(815301076,1909f56bfc062723c751e8b465ee728b)  -> (artifact id: 'b145005e361ccc7b8ef529510c89235d') in 0.000381 seconds
Number of updated asset objects reloaded before import = 0
Number of asset objects unloaded after import = 0
========================================================================
Received Import Request.
  Time since last request: 1.722936 seconds.
  path: Assets/SCH_Drop_the_Beat/TextMesh Pro/Fonts
  artifactKey: Guid(b65d06a18d5f8fc4d9edf9525e082517) Importer(815301076,1909f56bfc062723c751e8b465ee728b)
Start importing Assets/SCH_Drop_the_Beat/TextMesh Pro/Fonts using Guid(b65d06a18d5f8fc4d9edf9525e082517) Importer(815301076,1909f56bfc062723c751e8b465ee728b)  -> (artifact id: '6de382177eb098e87312d8b1ccfde648') in 0.000354 seconds
Number of updated asset objects reloaded before import = 0
Number of asset objects unloaded after import = 0
========================================================================
Received Import Request.
  Time since last request: 0.112186 seconds.
  path: Assets/SCH_Drop_the_Beat/TextMesh Pro/Fonts/LiberationSans.ttf
  artifactKey: Guid(a881e165ef4434c4b8cf70bdb15424e2) Importer(815301076,1909f56bfc062723c751e8b465ee728b)
Start importing Assets/SCH_Drop_the_Beat/TextMesh Pro/Fonts/LiberationSans.ttf using Guid(a881e165ef4434c4b8cf70bdb15424e2) Importer(815301076,1909f56bfc062723c751e8b465ee728b)  -> (artifact id: '833d2144dfb1a07d5066b5678740ef42') in 0.110224 seconds
Number of updated asset objects reloaded before import = 0
Number of asset objects unloaded after import = 4
========================================================================
Received Import Request.
  Time since last request: 4.932183 seconds.
  path: Assets/SCH_Drop_the_Beat/SCH_Prefabs
  artifactKey: Guid(2c95f21fc7d41af4db5ff91d935632f5) Importer(815301076,1909f56bfc062723c751e8b465ee728b)
Start importing Assets/SCH_Drop_the_Beat/SCH_Prefabs using Guid(2c95f21fc7d41af4db5ff91d935632f5) Importer(815301076,1909f56bfc062723c751e8b465ee728b)  -> (artifact id: '7599709c34f7524830f28706a451e775') in 0.000522 seconds
Number of updated asset objects reloaded before import = 0
Number of asset objects unloaded after import = 0
========================================================================
Received Import Request.
  Time since last request: 0.389421 seconds.
  path: Assets/SCH_Drop_the_Beat/SCH_Audio
  artifactKey: Guid(9678a62e93b0aaa4781142ce6f59fd00) Importer(815301076,1909f56bfc062723c751e8b465ee728b)
Start importing Assets/SCH_Drop_the_Beat/SCH_Audio using Guid(9678a62e93b0aaa4781142ce6f59fd00) Importer(815301076,1909f56bfc062723c751e8b465ee728b)  -> (artifact id: 'bbc62b80b77ff5ba58e258f085a02d3b') in 0.000361 seconds
Number of updated asset objects reloaded before import = 0
Number of asset objects unloaded after import = 0
========================================================================
Received Import Request.
  Time since last request: 0.545862 seconds.
  path: Assets/SCH_Drop_the_Beat/SCH_3DAssests
  artifactKey: Guid(121ffcd515b1f8244aa0b016313a580b) Importer(815301076,1909f56bfc062723c751e8b465ee728b)
Start importing Assets/SCH_Drop_the_Beat/SCH_3DAssests using Guid(121ffcd515b1f8244aa0b016313a580b) Importer(815301076,1909f56bfc062723c751e8b465ee728b)  -> (artifact id: '1ca8d2cb7396c79d42831f3f8ebc5bae') in 0.000328 seconds
Number of updated asset objects reloaded before import = 0
Number of asset objects unloaded after import = 0
========================================================================
Received Import Request.
  Time since last request: 131.925217 seconds.
  path: Assets/TTA_Crystal.cs
  artifactKey: Guid(40ab38d94d915b147b677ed16382b90d) Importer(815301076,1909f56bfc062723c751e8b465ee728b)
Start importing Assets/TTA_Crystal.cs using Guid(40ab38d94d915b147b677ed16382b90d) Importer(815301076,1909f56bfc062723c751e8b465ee728b)  -> (artifact id: '1bee069da5d5de12b14c68f22bb78844') in 0.000423 seconds
Number of updated asset objects reloaded before import = 0
Number of asset objects unloaded after import = 0
========================================================================
Received Prepare
Begin MonoManager ReloadAssembly
- Loaded All Assemblies, in  0.507 seconds
Refreshing native plugins compatible for Editor in 4.63 ms, found 4 plugins.
Native extension for WindowsStandalone target not found
Native extension for WebGL target not found
[Package Manager] Server::EnsureServerProcessIsRunning -- launch failed, reason: Unity was launched with the -noUpm command-line argument
[Package Manager] UpmClient::Send -- Unable to send message (not connected to UPM process).
[Package Manager] Cannot connect to Unity Package Manager local server
Mono: successfully reloaded assembly
- Finished resetting the current domain, in  1.128 seconds
Domain Reload Profiling: 1632ms
	BeginReloadAssembly (159ms)
		ExecutionOrderSort (0ms)
		DisableScriptedObjects (9ms)
		BackupInstance (0ms)
		ReleaseScriptingObjects (0ms)
		CreateAndSetChildDomain (41ms)
	RebuildCommonClasses (29ms)
	RebuildNativeTypeToScriptingClass (10ms)
	initialDomainReloadingComplete (28ms)
	LoadAllAssembliesAndSetupDomain (278ms)
		LoadAssemblies (320ms)
		RebuildTransferFunctionScriptingTraits (0ms)
		AnalyzeDomain (33ms)
			TypeCache.Refresh (10ms)
				TypeCache.ScanAssembly (1ms)
			ScanForSourceGeneratedMonoScriptInfo (14ms)
			ResolveRequiredComponents (7ms)
	FinalizeReload (1128ms)
		ReleaseScriptCaches (0ms)
		RebuildScriptCaches (0ms)
		SetupLoadedEditorAssemblies (512ms)
			LogAssemblyErrors (0ms)
			InitializePlatformSupportModulesInManaged (8ms)
			SetLoadedEditorAssemblies (5ms)
			RefreshPlugins (0ms)
			BeforeProcessingInitializeOnLoad (80ms)
			ProcessInitializeOnLoadAttributes (383ms)
			ProcessInitializeOnLoadMethodAttributes (27ms)
			AfterProcessingInitializeOnLoad (9ms)
			EditorAssembliesLoaded (0ms)
		ExecutionOrderSort2 (0ms)
		AwakeInstancesAfterBackupRestoration (10ms)
Refreshing native plugins compatible for Editor in 4.11 ms, found 4 plugins.
Preloading 0 native plugins for Editor in 0.00 ms.
Unloading 5258 Unused Serialized files (Serialized files now loaded: 0)
Unloading 57 unused Assets / (1.9 MB). Loaded Objects now: 5879.
Memory consumption went from 196.4 MB to 194.5 MB.
Total: 3.500600 ms (FindLiveObjects: 0.370100 ms CreateObjectMapping: 0.355400 ms MarkObjects: 2.404300 ms  DeleteObjects: 0.370300 ms)

Prepare: number of updated asset objects reloaded= 0
AssetImportParameters requested are different than current active one (requested -> active):
  custom:container-demuxer-ogg: 62fdf1f143b41e24485cea50d1cbac27 -> 
  custom:video-codec-MediaFoundation-h265: e54d7ab0439102e2317fc1e4b246158d -> 
  custom:video-decoder-ogg-theora: a1e56fd34408186e4bbccfd4996cb3dc -> 
  custom:framework-win-MediaFoundation: 216162199b28c13a410421893ffa2e32 -> 
  custom:CustomObjectIndexerAttribute: 9a22284fe3817be447336de3de66b15e -> 
  custom:container-demuxer-webm: 4f35f7cbe854078d1ac9338744f61a02 -> 
  custom:container-muxer-webm: aa71ff27fc2769a1b78a27578f13a17b -> 
  custom:video-decoder-webm-vp8: 9c59270c3fd7afecdb556c50c9e8de78 -> 
  custom:SearchIndexIgnoredProperties: e643bd26f0fe6173181afceb89e7c659 -> 
  custom:AudioImporter_EditorPlatform: d09bf68614088b80899f8185d706f6e7 -> 
  custom:video-encoder-webm-vp8: eb34c28f22e8b96e1ab97ce403110664 -> 
  custom:audio-decoder-ogg-vorbis: bf7c407c2cedff20999df2af8eb42d56 -> 
  custom:audio-encoder-webm-vorbis: bf7c407c2cedff20999df2af8eb42d56 -> 
========================================================================
Received Import Request.
  Time since last request: 28.591615 seconds.
  path: Assets/SCH_Drop_the_Beat/SCH_Prefabs/Bad.prefab
  artifactKey: Guid(25a6cf98a9123fc4291db35cdc2c9ad5) Importer(815301076,1909f56bfc062723c751e8b465ee728b)
Start importing Assets/SCH_Drop_the_Beat/SCH_Prefabs/Bad.prefab using Guid(25a6cf98a9123fc4291db35cdc2c9ad5) Importer(815301076,1909f56bfc062723c751e8b465ee728b)  -> (artifact id: '496199e4c5b1e999f1418ef3930b67af') in 0.070839 seconds
Number of updated asset objects reloaded before import = 0
Number of asset objects unloaded after import = 9
========================================================================
Received Import Request.
  Time since last request: 0.000015 seconds.
  path: Assets/SCH_Drop_the_Beat/SCH_Prefabs/Perfect.prefab
  artifactKey: Guid(0ae990b42db5f3d4cbdb2627d1c99015) Importer(815301076,1909f56bfc062723c751e8b465ee728b)
Start importing Assets/SCH_Drop_the_Beat/SCH_Prefabs/Perfect.prefab using Guid(0ae990b42db5f3d4cbdb2627d1c99015) Importer(815301076,1909f56bfc062723c751e8b465ee728b)  -> (artifact id: 'b8e767eeb9660082e744d0f9a863cb57') in 0.013081 seconds
Number of updated asset objects reloaded before import = 0
Number of asset objects unloaded after import = 9
========================================================================
Received Import Request.
  Time since last request: 0.000021 seconds.
  path: Assets/SCH_Drop_the_Beat/SCH_Prefabs/Miss.prefab
  artifactKey: Guid(eb36390156cef29438f196c9bd22893d) Importer(815301076,1909f56bfc062723c751e8b465ee728b)
Start importing Assets/SCH_Drop_the_Beat/SCH_Prefabs/Miss.prefab using Guid(eb36390156cef29438f196c9bd22893d) Importer(815301076,1909f56bfc062723c751e8b465ee728b)  -> (artifact id: '88cb8c22213682aa7673b76c8f7cfd0d') in 0.012902 seconds
Number of updated asset objects reloaded before import = 0
Number of asset objects unloaded after import = 9
========================================================================
Received Import Request.
  Time since last request: 0.000013 seconds.
  path: Assets/SCH_Drop_the_Beat/SCH_Prefabs/SCH_BeatMaster.prefab
  artifactKey: Guid(a0d08ce800d0249448c764cd9f0d1c47) Importer(815301076,1909f56bfc062723c751e8b465ee728b)
Start importing Assets/SCH_Drop_the_Beat/SCH_Prefabs/SCH_BeatMaster.prefab using Guid(a0d08ce800d0249448c764cd9f0d1c47) Importer(815301076,1909f56bfc062723c751e8b465ee728b)  -> (artifact id: '766723dbda51c0c5d534c07d5741f119') in 0.011511 seconds
Number of updated asset objects reloaded before import = 0
Number of asset objects unloaded after import = 9
========================================================================
Received Import Request.
  Time since last request: 0.000014 seconds.
  path: Assets/SCH_Drop_the_Beat/SCH_Prefabs/SCH_blueNotepfb.prefab
  artifactKey: Guid(0bf1388c04f248a44ba02827040a5bec) Importer(815301076,1909f56bfc062723c751e8b465ee728b)
Start importing Assets/SCH_Drop_the_Beat/SCH_Prefabs/SCH_blueNotepfb.prefab using Guid(0bf1388c04f248a44ba02827040a5bec) Importer(815301076,1909f56bfc062723c751e8b465ee728b)  -> (artifact id: '340d5cc07274524e06149b8c2bfea5fa') in 0.031164 seconds
Number of updated asset objects reloaded before import = 0
Number of asset objects unloaded after import = 42
========================================================================
Received Import Request.
  Time since last request: 0.000014 seconds.
  path: Assets/SCH_Drop_the_Beat/SCH_Prefabs/SCH_redNotepfb.prefab
  artifactKey: Guid(aa981ad36db9f7e42ba7ae54285ff0ce) Importer(815301076,1909f56bfc062723c751e8b465ee728b)
Start importing Assets/SCH_Drop_the_Beat/SCH_Prefabs/SCH_redNotepfb.prefab using Guid(aa981ad36db9f7e42ba7ae54285ff0ce) Importer(815301076,1909f56bfc062723c751e8b465ee728b)  -> (artifact id: 'c4f07bcdc51cc615433c9a455b345894') in 0.017640 seconds
Number of updated asset objects reloaded before import = 0
Number of asset objects unloaded after import = 42
========================================================================
Received Import Request.
  Time since last request: 0.013197 seconds.
  path: Assets/SCH_Drop_the_Beat/SCH_Prefabs/SCH_SliderHandle.prefab
  artifactKey: Guid(5cf1f050fc3e842488a9a1f66878facb) Importer(815301076,1909f56bfc062723c751e8b465ee728b)
Start importing Assets/SCH_Drop_the_Beat/SCH_Prefabs/SCH_SliderHandle.prefab using Guid(5cf1f050fc3e842488a9a1f66878facb) Importer(815301076,1909f56bfc062723c751e8b465ee728b)  -> (artifact id: '204272ac4e4791bae98d7748b4a0c0f9') in 0.010990 seconds
Number of updated asset objects reloaded before import = 0
Number of asset objects unloaded after import = 10
========================================================================
Received Import Request.
  Time since last request: 0.003259 seconds.
  path: Assets/SCH_Drop_the_Beat/SCH_Prefabs/SCH_String.prefab
  artifactKey: Guid(482a451f3fbcde94b9fae82555c98f60) Importer(815301076,1909f56bfc062723c751e8b465ee728b)
Start importing Assets/SCH_Drop_the_Beat/SCH_Prefabs/SCH_String.prefab using Guid(482a451f3fbcde94b9fae82555c98f60) Importer(815301076,1909f56bfc062723c751e8b465ee728b)  -> (artifact id: 'd5cf30e306eb246378a36e443c9ada99') in 0.089041 seconds
Number of updated asset objects reloaded before import = 0
Number of asset objects unloaded after import = 9
========================================================================
Received Import Request.
  Time since last request: 1.582997 seconds.
  path: Assets/SCH_Drop_the_Beat/SCH_Audio/maximumVolume.mp3
  artifactKey: Guid(19d2e41e8e4c53e4db89cc56fe68140a) Importer(815301076,1909f56bfc062723c751e8b465ee728b)
Start importing Assets/SCH_Drop_the_Beat/SCH_Audio/maximumVolume.mp3 using Guid(19d2e41e8e4c53e4db89cc56fe68140a) Importer(815301076,1909f56bfc062723c751e8b465ee728b)  -> (artifact id: '7a4ba0611418d035708991147502aff0') in 0.029630 seconds
Number of updated asset objects reloaded before import = 0
Number of asset objects unloaded after import = 2
========================================================================
Received Import Request.
  Time since last request: 1.034048 seconds.
  path: Assets/SCH_Drop_the_Beat/SCH_3DAssests/SCH_DroptheBeatMachine.fbx
  artifactKey: Guid(5e18d10ba2bd3d34baaf4bdff7357d8d) Importer(815301076,1909f56bfc062723c751e8b465ee728b)
Start importing Assets/SCH_Drop_the_Beat/SCH_3DAssests/SCH_DroptheBeatMachine.fbx using Guid(5e18d10ba2bd3d34baaf4bdff7357d8d) Importer(815301076,1909f56bfc062723c751e8b465ee728b)  -> (artifact id: 'ca6970b3e2cf9c5359a4ee4b099fac6e') in 0.145967 seconds
Number of updated asset objects reloaded before import = 0
Number of asset objects unloaded after import = 18
========================================================================
Received Import Request.
  Time since last request: 61.247570 seconds.
  path: Assets/SCH_Drop_the_Beat/SCH_Sprites
  artifactKey: Guid(e5af445b33326a74184f11bdf5368d9a) Importer(815301076,1909f56bfc062723c751e8b465ee728b)
Start importing Assets/SCH_Drop_the_Beat/SCH_Sprites using Guid(e5af445b33326a74184f11bdf5368d9a) Importer(815301076,1909f56bfc062723c751e8b465ee728b)  -> (artifact id: 'bdd8bac5a12e907a48a980c89d1f9990') in 0.000526 seconds
Number of updated asset objects reloaded before import = 0
Number of asset objects unloaded after import = 0
========================================================================
Received Import Request.
  Time since last request: 0.073961 seconds.
  path: Assets/SCH_Drop_the_Beat/SCH_Sprites/Bad.png
  artifactKey: Guid(019fe24259049cf4bb04753f67e9e42d) Importer(815301076,1909f56bfc062723c751e8b465ee728b)
Start importing Assets/SCH_Drop_the_Beat/SCH_Sprites/Bad.png using Guid(019fe24259049cf4bb04753f67e9e42d) Importer(815301076,1909f56bfc062723c751e8b465ee728b)  -> (artifact id: '5d721ff598d1ec4d50f10da61a5e2a58') in 0.039571 seconds
Number of updated asset objects reloaded before import = 0
Number of asset objects unloaded after import = 3
========================================================================
Received Import Request.
  Time since last request: 0.000021 seconds.
  path: Assets/SCH_Drop_the_Beat/SCH_Sprites/SCH_blueNote.png
  artifactKey: Guid(c8cfb75a27362fa48b9071f149168e46) Importer(815301076,1909f56bfc062723c751e8b465ee728b)
Start importing Assets/SCH_Drop_the_Beat/SCH_Sprites/SCH_blueNote.png using Guid(c8cfb75a27362fa48b9071f149168e46) Importer(815301076,1909f56bfc062723c751e8b465ee728b)  -> (artifact id: 'c481044e54ddc469cb8f0bd7c131b906') in 0.041392 seconds
Number of updated asset objects reloaded before import = 0
Number of asset objects unloaded after import = 3
========================================================================
Received Import Request.
  Time since last request: 0.000019 seconds.
  path: Assets/SCH_Drop_the_Beat/SCH_Sprites/SCH_SliderHandle.png
  artifactKey: Guid(11f2c2c123cdf024983140abb2aa41fb) Importer(815301076,1909f56bfc062723c751e8b465ee728b)
Start importing Assets/SCH_Drop_the_Beat/SCH_Sprites/SCH_SliderHandle.png using Guid(11f2c2c123cdf024983140abb2aa41fb) Importer(815301076,1909f56bfc062723c751e8b465ee728b)  -> (artifact id: 'bc32ab2cb19403b5004f69380ab731d7') in 0.019480 seconds
Number of updated asset objects reloaded before import = 0
Number of asset objects unloaded after import = 3
========================================================================
Received Import Request.
  Time since last request: 0.000023 seconds.
  path: Assets/SCH_Drop_the_Beat/SCH_Sprites/Perfect.png
  artifactKey: Guid(5b8adb57b55692e40b4bcd059167e23b) Importer(815301076,1909f56bfc062723c751e8b465ee728b)
Start importing Assets/SCH_Drop_the_Beat/SCH_Sprites/Perfect.png using Guid(5b8adb57b55692e40b4bcd059167e23b) Importer(815301076,1909f56bfc062723c751e8b465ee728b)  -> (artifact id: '4e630e62422c256015d753782c5dc9d8') in 0.018854 seconds
Number of updated asset objects reloaded before import = 0
Number of asset objects unloaded after import = 3
========================================================================
Received Import Request.
  Time since last request: 0.000016 seconds.
  path: Assets/SCH_Drop_the_Beat/SCH_Sprites/SCH_greenNote.png
  artifactKey: Guid(a05451a1aaab4184d8f5e97b4f4c1488) Importer(815301076,1909f56bfc062723c751e8b465ee728b)
Start importing Assets/SCH_Drop_the_Beat/SCH_Sprites/SCH_greenNote.png using Guid(a05451a1aaab4184d8f5e97b4f4c1488) Importer(815301076,1909f56bfc062723c751e8b465ee728b)  -> (artifact id: 'c7953057e9cac79756a55b75f3c987e9') in 0.015291 seconds
Number of updated asset objects reloaded before import = 0
Number of asset objects unloaded after import = 3
========================================================================
Received Import Request.
  Time since last request: 0.000014 seconds.
  path: Assets/SCH_Drop_the_Beat/SCH_Sprites/Miss.png
  artifactKey: Guid(1561459889104a541907896c1c8efe23) Importer(815301076,1909f56bfc062723c751e8b465ee728b)
Start importing Assets/SCH_Drop_the_Beat/SCH_Sprites/Miss.png using Guid(1561459889104a541907896c1c8efe23) Importer(815301076,1909f56bfc062723c751e8b465ee728b)  -> (artifact id: '759a9fd78972b95beaea2258af396f0d') in 0.017632 seconds
Number of updated asset objects reloaded before import = 0
Number of asset objects unloaded after import = 3
========================================================================
Received Import Request.
  Time since last request: 0.000015 seconds.
  path: Assets/SCH_Drop_the_Beat/SCH_Sprites/Good.png
  artifactKey: Guid(72415739abfb9c54e8179c6560fa257d) Importer(815301076,1909f56bfc062723c751e8b465ee728b)
Start importing Assets/SCH_Drop_the_Beat/SCH_Sprites/Good.png using Guid(72415739abfb9c54e8179c6560fa257d) Importer(815301076,1909f56bfc062723c751e8b465ee728b)  -> (artifact id: '4a0275e880e83f369ca8481d75cb7b1a') in 0.016610 seconds
Number of updated asset objects reloaded before import = 0
Number of asset objects unloaded after import = 3
========================================================================
Received Import Request.
  Time since last request: 14.521713 seconds.
  path: Assets/SCH_Drop_the_Beat/TextMesh Pro/Resources/Fonts & Materials/LiberationSans SDF.asset
  artifactKey: Guid(8f9ff1e57f224db42ae497c6956c7017) Importer(815301076,1909f56bfc062723c751e8b465ee728b)
Start importing Assets/SCH_Drop_the_Beat/TextMesh Pro/Resources/Fonts & Materials/LiberationSans SDF.asset using Guid(8f9ff1e57f224db42ae497c6956c7017) Importer(815301076,1909f56bfc062723c751e8b465ee728b)  -> (artifact id: '43cf4996a86db4bd27144993059fa576') in 0.082387 seconds
Number of updated asset objects reloaded before import = 0
Number of asset objects unloaded after import = 9
========================================================================
Received Import Request.
  Time since last request: 0.000013 seconds.
  path: Assets/SCH_Drop_the_Beat/TextMesh Pro/Resources/Fonts & Materials/LiberationSans SDF - Outline.mat
  artifactKey: Guid(733471379fcf03e4da1ac8c9e1951d27) Importer(815301076,1909f56bfc062723c751e8b465ee728b)
Start importing Assets/SCH_Drop_the_Beat/TextMesh Pro/Resources/Fonts & Materials/LiberationSans SDF - Outline.mat using Guid(733471379fcf03e4da1ac8c9e1951d27) Importer(815301076,1909f56bfc062723c751e8b465ee728b)  -> (artifact id: '245e48cee19c4c028c69a31fb496c211') in 0.032719 seconds
Number of updated asset objects reloaded before import = 0
Number of asset objects unloaded after import = 2
========================================================================
Received Import Request.
  Time since last request: 25.122346 seconds.
  path: Assets/Fonts & Materials/LiberationSans SDF - Fallback.asset
  artifactKey: Guid(60a70547b30c89e47888e7197a9a830c) Importer(815301076,1909f56bfc062723c751e8b465ee728b)
Start importing Assets/Fonts & Materials/LiberationSans SDF - Fallback.asset using Guid(60a70547b30c89e47888e7197a9a830c) Importer(815301076,1909f56bfc062723c751e8b465ee728b)  -> (artifact id: '5e6feb09fb820fe7e354b618e804ca48') in 0.010312 seconds
Number of updated asset objects reloaded before import = 0
Number of asset objects unloaded after import = 6
========================================================================
Received Prepare
Begin MonoManager ReloadAssembly
- Loaded All Assemblies, in  0.550 seconds
Refreshing native plugins compatible for Editor in 4.08 ms, found 4 plugins.
Native extension for WindowsStandalone target not found
Native extension for WebGL target not found
[Package Manager] Server::EnsureServerProcessIsRunning -- launch failed, reason: Unity was launched with the -noUpm command-line argument
[Package Manager] UpmClient::Send -- Unable to send message (not connected to UPM process).
[Package Manager] Cannot connect to Unity Package Manager local server
Mono: successfully reloaded assembly
- Finished resetting the current domain, in  1.146 seconds
Domain Reload Profiling: 1694ms
	BeginReloadAssembly (175ms)
		ExecutionOrderSort (0ms)
		DisableScriptedObjects (12ms)
		BackupInstance (0ms)
		ReleaseScriptingObjects (0ms)
		CreateAndSetChildDomain (44ms)
	RebuildCommonClasses (30ms)
	RebuildNativeTypeToScriptingClass (10ms)
	initialDomainReloadingComplete (34ms)
	LoadAllAssembliesAndSetupDomain (297ms)
		LoadAssemblies (351ms)
		RebuildTransferFunctionScriptingTraits (0ms)
		AnalyzeDomain (34ms)
			TypeCache.Refresh (11ms)
				TypeCache.ScanAssembly (1ms)
			ScanForSourceGeneratedMonoScriptInfo (14ms)
			ResolveRequiredComponents (8ms)
	FinalizeReload (1147ms)
		ReleaseScriptCaches (0ms)
		RebuildScriptCaches (0ms)
		SetupLoadedEditorAssemblies (551ms)
			LogAssemblyErrors (0ms)
			InitializePlatformSupportModulesInManaged (7ms)
			SetLoadedEditorAssemblies (5ms)
			RefreshPlugins (0ms)
			BeforeProcessingInitializeOnLoad (81ms)
			ProcessInitializeOnLoadAttributes (421ms)
			ProcessInitializeOnLoadMethodAttributes (28ms)
			AfterProcessingInitializeOnLoad (9ms)
			EditorAssembliesLoaded (0ms)
		ExecutionOrderSort2 (0ms)
		AwakeInstancesAfterBackupRestoration (12ms)
Refreshing native plugins compatible for Editor in 4.41 ms, found 4 plugins.
Preloading 0 native plugins for Editor in 0.00 ms.
Unloading 5244 Unused Serialized files (Serialized files now loaded: 0)
Unloading 67 unused Assets / (1.9 MB). Loaded Objects now: 5893.
Memory consumption went from 196.0 MB to 194.1 MB.
Total: 4.361300 ms (FindLiveObjects: 0.437200 ms CreateObjectMapping: 0.427500 ms MarkObjects: 3.055000 ms  DeleteObjects: 0.440600 ms)

Prepare: number of updated asset objects reloaded= 12
AssetImportParameters requested are different than current active one (requested -> active):
  custom:container-demuxer-ogg: 62fdf1f143b41e24485cea50d1cbac27 -> 
  custom:video-codec-MediaFoundation-h265: e54d7ab0439102e2317fc1e4b246158d -> 
  custom:video-decoder-ogg-theora: a1e56fd34408186e4bbccfd4996cb3dc -> 
  custom:framework-win-MediaFoundation: 216162199b28c13a410421893ffa2e32 -> 
  custom:CustomObjectIndexerAttribute: 9a22284fe3817be447336de3de66b15e -> 
  custom:container-demuxer-webm: 4f35f7cbe854078d1ac9338744f61a02 -> 
  custom:container-muxer-webm: aa71ff27fc2769a1b78a27578f13a17b -> 
  custom:video-decoder-webm-vp8: 9c59270c3fd7afecdb556c50c9e8de78 -> 
  custom:SearchIndexIgnoredProperties: e643bd26f0fe6173181afceb89e7c659 -> 
  custom:AudioImporter_EditorPlatform: d09bf68614088b80899f8185d706f6e7 -> 
  custom:video-encoder-webm-vp8: eb34c28f22e8b96e1ab97ce403110664 -> 
  custom:audio-decoder-ogg-vorbis: bf7c407c2cedff20999df2af8eb42d56 -> 
  custom:audio-encoder-webm-vorbis: bf7c407c2cedff20999df2af8eb42d56 -> 
Editor requested this worker to shutdown with reason: Scaling down because of idle timeout
TcpMessagingSession - receive error: operation aborted. errorcode: 995, details: The I/O operation has been aborted because of either a thread exit or an application request.
AssetImportWorker is now disconnected from the server
Process exiting
Exiting without the bug reporter. Application will terminate with return code 0